<?xml version="1.0" encoding="UTF-8"?>
<!-- Generated by org.testng.reporters.JUnitXMLReporter -->
<testsuite ignored="2" hostname="Rizwan" failures="0" tests="3" name="Sample Test" time="34.399" errors="0" timestamp="2022-01-17T20:08:00 IST">
  <testcase classname="Tests.LoginTest" name="MultipleLogin" time="1.858"/>
  <testcase classname="Tests.LoginTest" name="MultipleLogin" time="10.603"/>
  <testcase classname="Tests.LoginTest" name="MultipleLogin" time="10.709"/>
  <testcase classname="Tests.LoginTest" name="PositiveLogin" time="0.0">
    <ignored/>
  </testcase> <!-- PositiveLogin -->
  <testcase classname="Tests.LoginTest" name="NegativeLogin" time="0.0">
    <ignored/>
  </testcase> <!-- NegativeLogin -->
</testsuite> <!-- Sample Test -->
